# JRE version: OpenJDK Runtime Environment (17.0.10) (build 17.0.10+0--11572160)
# Java VM: OpenJDK 64-Bit Server VM (17.0.10+0--11572160, mixed mode, tiered, compressed oops, compressed class ptrs, g1 gc, windows-amd64)
GC Precious Log:
 CPUs: 8 total, 8 available
 Memory: 7987M
 Large Page Support: Disabled
 NUMA Support: Disabled
 Compressed Oops: Enabled (32-bit)
 Heap Region Size: 1M
 Heap Min Capacity: 8M
 Heap Initial Capacity: 126M
 Heap Max Capacity: 2G
 Pre-touch: Disabled
 Parallel Workers: 8
 Concurrent Workers: 2
 Concurrent Refinement Workers: 8
 Periodic GC: Disabled
Heap:
 garbage-first heap   total 515072K, used 274308K [0x0000000080000000, 0x0000000100000000)
  region size 1024K, 13 young (13312K), 5 survivors (5120K)
 Metaspace       used 170741K, committed 171712K, reserved 1245184K
  class space    used 21786K, committed 22272K, reserved 1048576K
GC Heap History (20 events):
Event: 52.166 GC heap before
{Heap before GC invocations=78 (full 0):
 garbage-first heap   total 515072K, used 440246K [0x0000000080000000, 0x0000000100000000)
  region size 1024K, 197 young (201728K), 8 survivors (8192K)
 Metaspace       used 139242K, committed 140032K, reserved 1179648K
  class space    used 17806K, committed 18176K, reserved 1048576K
}
Event: 52.174 GC heap after
{Heap after GC invocations=79 (full 0):
 garbage-first heap   total 515072K, used 246449K [0x0000000080000000, 0x0000000100000000)
  region size 1024K, 8 young (8192K), 8 survivors (8192K)
 Metaspace       used 139242K, committed 140032K, reserved 1179648K
  class space    used 17806K, committed 18176K, reserved 1048576K
}
Event: 52.634 GC heap before
{Heap before GC invocations=79 (full 0):
 garbage-first heap   total 515072K, used 445105K [0x0000000080000000, 0x0000000100000000)
  region size 1024K, 201 young (205824K), 8 survivors (8192K)
 Metaspace       used 139244K, committed 140032K, reserved 1179648K
  class space    used 17806K, committed 18176K, reserved 1048576K
}
Event: 52.640 GC heap after
{Heap after GC invocations=80 (full 0):
 garbage-first heap   total 515072K, used 246260K [0x0000000080000000, 0x0000000100000000)
  region size 1024K, 7 young (7168K), 7 survivors (7168K)
 Metaspace       used 139244K, committed 140032K, reserved 1179648K
  class space    used 17806K, committed 18176K, reserved 1048576K
}
Event: 53.028 GC heap before
{Heap before GC invocations=80 (full 0):
 garbage-first heap   total 515072K, used 447988K [0x0000000080000000, 0x0000000100000000)
  region size 1024K, 204 young (208896K), 7 survivors (7168K)
 Metaspace       used 139244K, committed 140032K, reserved 1179648K
  class space    used 17806K, committed 18176K, reserved 1048576K
}
Event: 53.036 GC heap after
{Heap after GC invocations=81 (full 0):
 garbage-first heap   total 515072K, used 244878K [0x0000000080000000, 0x0000000100000000)
  region size 1024K, 7 young (7168K), 7 survivors (7168K)
 Metaspace       used 139244K, committed 140032K, reserved 1179648K
  class space    used 17806K, committed 18176K, reserved 1048576K
}
Event: 53.777 GC heap before
{Heap before GC invocations=81 (full 0):
 garbage-first heap   total 515072K, used 406670K [0x0000000080000000, 0x0000000100000000)
  region size 1024K, 141 young (144384K), 7 survivors (7168K)
 Metaspace       used 139538K, committed 140352K, reserved 1179648K
  class space    used 17839K, committed 18240K, reserved 1048576K
}
Event: 53.796 GC heap after
{Heap after GC invocations=82 (full 0):
 garbage-first heap   total 515072K, used 269994K [0x0000000080000000, 0x0000000100000000)
  region size 1024K, 26 young (26624K), 26 survivors (26624K)
 Metaspace       used 139538K, committed 140352K, reserved 1179648K
  class space    used 17839K, committed 18240K, reserved 1048576K
}
Event: 55.634 GC heap before
{Heap before GC invocations=82 (full 0):
 garbage-first heap   total 515072K, used 445098K [0x0000000080000000, 0x0000000100000000)
  region size 1024K, 185 young (189440K), 26 survivors (26624K)
 Metaspace       used 145945K, committed 146816K, reserved 1179648K
  class space    used 18531K, committed 18944K, reserved 1048576K
}
Event: 55.648 GC heap after
{Heap after GC invocations=83 (full 0):
 garbage-first heap   total 515072K, used 287213K [0x0000000080000000, 0x0000000100000000)
  region size 1024K, 10 young (10240K), 10 survivors (10240K)
 Metaspace       used 145945K, committed 146816K, reserved 1179648K
  class space    used 18531K, committed 18944K, reserved 1048576K
}
Event: 56.592 GC heap before
{Heap before GC invocations=83 (full 0):
 garbage-first heap   total 515072K, used 387565K [0x0000000080000000, 0x0000000100000000)
  region size 1024K, 104 young (106496K), 10 survivors (10240K)
 Metaspace       used 151960K, committed 152768K, reserved 1245184K
  class space    used 19385K, committed 19776K, reserved 1048576K
}
Event: 56.598 GC heap after
{Heap after GC invocations=84 (full 0):
 garbage-first heap   total 515072K, used 293567K [0x0000000080000000, 0x0000000100000000)
  region size 1024K, 15 young (15360K), 15 survivors (15360K)
 Metaspace       used 151960K, committed 152768K, reserved 1245184K
  class space    used 19385K, committed 19776K, reserved 1048576K
}
Event: 58.101 GC heap before
{Heap before GC invocations=85 (full 0):
 garbage-first heap   total 515072K, used 430783K [0x0000000080000000, 0x0000000100000000)
  region size 1024K, 153 young (156672K), 15 survivors (15360K)
 Metaspace       used 160537K, committed 161408K, reserved 1245184K
  class space    used 20481K, committed 20928K, reserved 1048576K
}
Event: 58.112 GC heap after
{Heap after GC invocations=86 (full 0):
 garbage-first heap   total 515072K, used 296440K [0x0000000080000000, 0x0000000100000000)
  region size 1024K, 14 young (14336K), 14 survivors (14336K)
 Metaspace       used 160537K, committed 161408K, reserved 1245184K
  class space    used 20481K, committed 20928K, reserved 1048576K
}
Event: 58.139 GC heap before
{Heap before GC invocations=86 (full 0):
 garbage-first heap   total 515072K, used 307704K [0x0000000080000000, 0x0000000100000000)
  region size 1024K, 25 young (25600K), 14 survivors (14336K)
 Metaspace       used 160565K, committed 161472K, reserved 1245184K
  class space    used 20481K, committed 20928K, reserved 1048576K
}
Event: 58.159 GC heap after
{Heap after GC invocations=87 (full 0):
 garbage-first heap   total 515072K, used 261706K [0x0000000080000000, 0x0000000100000000)
  region size 1024K, 2 young (2048K), 2 survivors (2048K)
 Metaspace       used 160565K, committed 161472K, reserved 1245184K
  class space    used 20481K, committed 20928K, reserved 1048576K
}
Event: 58.940 GC heap before
{Heap before GC invocations=87 (full 0):
 garbage-first heap   total 515072K, used 430666K [0x0000000080000000, 0x0000000100000000)
  region size 1024K, 166 young (169984K), 2 survivors (2048K)
 Metaspace       used 161168K, committed 162112K, reserved 1245184K
  class space    used 20519K, committed 20992K, reserved 1048576K
}
Event: 58.948 GC heap after
{Heap after GC invocations=88 (full 0):
 garbage-first heap   total 515072K, used 274468K [0x0000000080000000, 0x0000000100000000)
  region size 1024K, 15 young (15360K), 15 survivors (15360K)
 Metaspace       used 161168K, committed 162112K, reserved 1245184K
  class space    used 20519K, committed 20992K, reserved 1048576K
}
Event: 61.151 GC heap before
{Heap before GC invocations=89 (full 0):
 garbage-first heap   total 515072K, used 428068K [0x0000000080000000, 0x0000000100000000)
  region size 1024K, 164 young (167936K), 15 survivors (15360K)
 Metaspace       used 170152K, committed 171072K, reserved 1245184K
  class space    used 21692K, committed 22144K, reserved 1048576K
}
Event: 61.160 GC heap after
{Heap after GC invocations=90 (full 0):
 garbage-first heap   total 515072K, used 267140K [0x0000000080000000, 0x0000000100000000)
  region size 1024K, 5 young (5120K), 5 survivors (5120K)
 Metaspace       used 170152K, committed 171072K, reserved 1245184K
  class space    used 21692K, committed 22144K, reserved 1048576K
}

